<?xml version="1.0" encoding="UTF-8"?>
<testExecutions version="1">
    <file path="/Users/mayuragarwal/Desktop/NodeSonarExample/src/test/index.test.js">
        <testCase name="Sum sum two numbers" duration="2"/>
    </file>
</testExecutions>